INFO: (13-03-2021 17:53) :
INFO: (13-03-2021 17:53) :	 === Начали работу === 	
INFO: (13-03-2021 17:54) :
INFO: (13-03-2021 17:54) :	 === Начали работу === 	
INFO: (13-03-2021 17:58) :
INFO: (13-03-2021 17:58) :	 === Начали работу === 	
INFO: (13-03-2021 17:58) :
INFO: (13-03-2021 17:58) :	 === Пришло сообщение === 	
INFO: (13-03-2021 17:58) :
INFO: (13-03-2021 17:58) :	 ===люди - сообщение пользователя=== 	
INFO: (13-03-2021 17:58) :
INFO: (13-03-2021 17:58) :	 === Отправили список людей === 	
INFO: (13-03-2021 17:58) :
INFO: (13-03-2021 17:58) :	 === Пришло сообщение === 	
INFO: (13-03-2021 18:01) :
INFO: (13-03-2021 18:01) :	 === Начали работу === 	
INFO: (13-03-2021 18:01) :
INFO: (13-03-2021 18:01) :	 ===фотографии - сообщение пользователя=== 	
INFO: (13-03-2021 18:02) :
INFO: (13-03-2021 18:02) :	 === Начали работу === 	
INFO: (13-03-2021 18:02) :
INFO: (13-03-2021 18:02) :	 ===фотографии - сообщение пользователя=== 	
INFO: (13-03-2021 18:16) :
INFO: (13-03-2021 18:16) :	 === Начали работу === 	
INFO: (13-03-2021 18:16) :
INFO: (13-03-2021 18:16) :	 ===фотографии - сообщение пользователя=== 	
INFO: (13-03-2021 18:16) :
INFO: (13-03-2021 18:16) :	 === Отправили фотографии пользователей === 	
INFO: (13-03-2021 18:36) :
INFO: (13-03-2021 18:36) :	 === Начали работу === 	
INFO: (13-03-2021 18:36) :
INFO: (13-03-2021 18:36) :	 ===фотографии - сообщение пользователя=== 	
INFO: (13-03-2021 18:36) :
INFO: (13-03-2021 18:36) :	 === Отправили фотографии пользователей === 	
